C:\USERS\MIKE\DOCUMENTS\VISUAL STUDIO 2012\PROJECTS\CONSOLEAPPLICATION-WARCABY1\CONSOLEAPPLICATION-WARCABY1\CONSOLEAPPLICATION-WARCABY1\X64\DEBUG\GRACZ.OBJ
C:\USERS\MIKE\DOCUMENTS\VISUAL STUDIO 2012\PROJECTS\CONSOLEAPPLICATION-WARCABY1\CONSOLEAPPLICATION-WARCABY1\CONSOLEAPPLICATION-WARCABY1\X64\DEBUG\GRA.OBJ
C:\USERS\MIKE\DOCUMENTS\VISUAL STUDIO 2012\PROJECTS\CONSOLEAPPLICATION-WARCABY1\CONSOLEAPPLICATION-WARCABY1\CONSOLEAPPLICATION-WARCABY1\X64\DEBUG\PIONEK.OBJ
C:\USERS\MIKE\DOCUMENTS\VISUAL STUDIO 2012\PROJECTS\CONSOLEAPPLICATION-WARCABY1\CONSOLEAPPLICATION-WARCABY1\CONSOLEAPPLICATION-WARCABY1\X64\DEBUG\SOURCE.OBJ
C:\USERS\MIKE\DOCUMENTS\VISUAL STUDIO 2012\PROJECTS\CONSOLEAPPLICATION-WARCABY1\CONSOLEAPPLICATION-WARCABY1\CONSOLEAPPLICATION-WARCABY1\X64\DEBUG\VC110.PDB
C:\USERS\MIKE\DOCUMENTS\VISUAL STUDIO 2012\PROJECTS\CONSOLEAPPLICATION-WARCABY1\CONSOLEAPPLICATION-WARCABY1\X64\DEBUG\CONSOLEAPPLICATION-WARCABY1.ILK
C:\USERS\MIKE\DOCUMENTS\VISUAL STUDIO 2012\PROJECTS\CONSOLEAPPLICATION-WARCABY1\CONSOLEAPPLICATION-WARCABY1\X64\DEBUG\CONSOLEAPPLICATION-WARCABY1.EXE
C:\USERS\MIKE\DOCUMENTS\VISUAL STUDIO 2012\PROJECTS\CONSOLEAPPLICATION-WARCABY1\CONSOLEAPPLICATION-WARCABY1\X64\DEBUG\CONSOLEAPPLICATION-WARCABY1.PDB
C:\Users\mike\Documents\Visual Studio 2012\Projects\ConsoleApplication-Warcaby1\ConsoleApplication-Warcaby1\ConsoleApplication-Warcaby1\x64\Debug\Gra.obj
C:\Users\mike\Documents\Visual Studio 2012\Projects\ConsoleApplication-Warcaby1\ConsoleApplication-Warcaby1\ConsoleApplication-Warcaby1\x64\Debug\Gracz.obj
C:\Users\mike\Documents\Visual Studio 2012\Projects\ConsoleApplication-Warcaby1\ConsoleApplication-Warcaby1\ConsoleApplication-Warcaby1\x64\Debug\Pionek.obj
C:\Users\mike\Documents\Visual Studio 2012\Projects\ConsoleApplication-Warcaby1\ConsoleApplication-Warcaby1\ConsoleApplication-Warcaby1\x64\Debug\Source.obj
C:\Users\mike\Documents\Visual Studio 2012\Projects\ConsoleApplication-Warcaby1\ConsoleApplication-Warcaby1\ConsoleApplication-Warcaby1\x64\Debug\cl.command.1.tlog
C:\Users\mike\Documents\Visual Studio 2012\Projects\ConsoleApplication-Warcaby1\ConsoleApplication-Warcaby1\ConsoleApplication-Warcaby1\x64\Debug\CL.read.1.tlog
C:\Users\mike\Documents\Visual Studio 2012\Projects\ConsoleApplication-Warcaby1\ConsoleApplication-Warcaby1\ConsoleApplication-Warcaby1\x64\Debug\CL.write.1.tlog
C:\Users\mike\Documents\Visual Studio 2012\Projects\ConsoleApplication-Warcaby1\ConsoleApplication-Warcaby1\ConsoleApplication-Warcaby1\x64\Debug\link-cvtres.read.1.tlog
C:\Users\mike\Documents\Visual Studio 2012\Projects\ConsoleApplication-Warcaby1\ConsoleApplication-Warcaby1\ConsoleApplication-Warcaby1\x64\Debug\link-cvtres.write.1.tlog
C:\Users\mike\Documents\Visual Studio 2012\Projects\ConsoleApplication-Warcaby1\ConsoleApplication-Warcaby1\ConsoleApplication-Warcaby1\x64\Debug\link-rc.read.1.tlog
C:\Users\mike\Documents\Visual Studio 2012\Projects\ConsoleApplication-Warcaby1\ConsoleApplication-Warcaby1\ConsoleApplication-Warcaby1\x64\Debug\link-rc.write.1.tlog
C:\Users\mike\Documents\Visual Studio 2012\Projects\ConsoleApplication-Warcaby1\ConsoleApplication-Warcaby1\ConsoleApplication-Warcaby1\x64\Debug\link.11392-cvtres.read.1.tlog
C:\Users\mike\Documents\Visual Studio 2012\Projects\ConsoleApplication-Warcaby1\ConsoleApplication-Warcaby1\ConsoleApplication-Warcaby1\x64\Debug\link.11392-cvtres.write.1.tlog
C:\Users\mike\Documents\Visual Studio 2012\Projects\ConsoleApplication-Warcaby1\ConsoleApplication-Warcaby1\ConsoleApplication-Warcaby1\x64\Debug\link.11392-rc.read.1.tlog
C:\Users\mike\Documents\Visual Studio 2012\Projects\ConsoleApplication-Warcaby1\ConsoleApplication-Warcaby1\ConsoleApplication-Warcaby1\x64\Debug\link.11392-rc.write.1.tlog
C:\Users\mike\Documents\Visual Studio 2012\Projects\ConsoleApplication-Warcaby1\ConsoleApplication-Warcaby1\ConsoleApplication-Warcaby1\x64\Debug\link.11392.read.1.tlog
C:\Users\mike\Documents\Visual Studio 2012\Projects\ConsoleApplication-Warcaby1\ConsoleApplication-Warcaby1\ConsoleApplication-Warcaby1\x64\Debug\link.11392.write.1.tlog
C:\Users\mike\Documents\Visual Studio 2012\Projects\ConsoleApplication-Warcaby1\ConsoleApplication-Warcaby1\ConsoleApplication-Warcaby1\x64\Debug\link.12216-cvtres.read.1.tlog
C:\Users\mike\Documents\Visual Studio 2012\Projects\ConsoleApplication-Warcaby1\ConsoleApplication-Warcaby1\ConsoleApplication-Warcaby1\x64\Debug\link.12216-cvtres.write.1.tlog
C:\Users\mike\Documents\Visual Studio 2012\Projects\ConsoleApplication-Warcaby1\ConsoleApplication-Warcaby1\ConsoleApplication-Warcaby1\x64\Debug\link.12216-rc.read.1.tlog
C:\Users\mike\Documents\Visual Studio 2012\Projects\ConsoleApplication-Warcaby1\ConsoleApplication-Warcaby1\ConsoleApplication-Warcaby1\x64\Debug\link.12216-rc.write.1.tlog
C:\Users\mike\Documents\Visual Studio 2012\Projects\ConsoleApplication-Warcaby1\ConsoleApplication-Warcaby1\ConsoleApplication-Warcaby1\x64\Debug\link.12216.read.1.tlog
C:\Users\mike\Documents\Visual Studio 2012\Projects\ConsoleApplication-Warcaby1\ConsoleApplication-Warcaby1\ConsoleApplication-Warcaby1\x64\Debug\link.12216.write.1.tlog
C:\Users\mike\Documents\Visual Studio 2012\Projects\ConsoleApplication-Warcaby1\ConsoleApplication-Warcaby1\ConsoleApplication-Warcaby1\x64\Debug\link.12236-cvtres.read.1.tlog
C:\Users\mike\Documents\Visual Studio 2012\Projects\ConsoleApplication-Warcaby1\ConsoleApplication-Warcaby1\ConsoleApplication-Warcaby1\x64\Debug\link.12236-cvtres.write.1.tlog
C:\Users\mike\Documents\Visual Studio 2012\Projects\ConsoleApplication-Warcaby1\ConsoleApplication-Warcaby1\ConsoleApplication-Warcaby1\x64\Debug\link.12236-rc.read.1.tlog
C:\Users\mike\Documents\Visual Studio 2012\Projects\ConsoleApplication-Warcaby1\ConsoleApplication-Warcaby1\ConsoleApplication-Warcaby1\x64\Debug\link.12236-rc.write.1.tlog
C:\Users\mike\Documents\Visual Studio 2012\Projects\ConsoleApplication-Warcaby1\ConsoleApplication-Warcaby1\ConsoleApplication-Warcaby1\x64\Debug\link.12236.read.1.tlog
C:\Users\mike\Documents\Visual Studio 2012\Projects\ConsoleApplication-Warcaby1\ConsoleApplication-Warcaby1\ConsoleApplication-Warcaby1\x64\Debug\link.12236.write.1.tlog
C:\Users\mike\Documents\Visual Studio 2012\Projects\ConsoleApplication-Warcaby1\ConsoleApplication-Warcaby1\ConsoleApplication-Warcaby1\x64\Debug\link.12528-cvtres.read.1.tlog
C:\Users\mike\Documents\Visual Studio 2012\Projects\ConsoleApplication-Warcaby1\ConsoleApplication-Warcaby1\ConsoleApplication-Warcaby1\x64\Debug\link.12528-cvtres.write.1.tlog
C:\Users\mike\Documents\Visual Studio 2012\Projects\ConsoleApplication-Warcaby1\ConsoleApplication-Warcaby1\ConsoleApplication-Warcaby1\x64\Debug\link.12528-rc.read.1.tlog
C:\Users\mike\Documents\Visual Studio 2012\Projects\ConsoleApplication-Warcaby1\ConsoleApplication-Warcaby1\ConsoleApplication-Warcaby1\x64\Debug\link.12528-rc.write.1.tlog
C:\Users\mike\Documents\Visual Studio 2012\Projects\ConsoleApplication-Warcaby1\ConsoleApplication-Warcaby1\ConsoleApplication-Warcaby1\x64\Debug\link.12528.read.1.tlog
C:\Users\mike\Documents\Visual Studio 2012\Projects\ConsoleApplication-Warcaby1\ConsoleApplication-Warcaby1\ConsoleApplication-Warcaby1\x64\Debug\link.12528.write.1.tlog
C:\Users\mike\Documents\Visual Studio 2012\Projects\ConsoleApplication-Warcaby1\ConsoleApplication-Warcaby1\ConsoleApplication-Warcaby1\x64\Debug\link.1852-cvtres.read.1.tlog
C:\Users\mike\Documents\Visual Studio 2012\Projects\ConsoleApplication-Warcaby1\ConsoleApplication-Warcaby1\ConsoleApplication-Warcaby1\x64\Debug\link.1852-cvtres.write.1.tlog
C:\Users\mike\Documents\Visual Studio 2012\Projects\ConsoleApplication-Warcaby1\ConsoleApplication-Warcaby1\ConsoleApplication-Warcaby1\x64\Debug\link.1852-rc.read.1.tlog
C:\Users\mike\Documents\Visual Studio 2012\Projects\ConsoleApplication-Warcaby1\ConsoleApplication-Warcaby1\ConsoleApplication-Warcaby1\x64\Debug\link.1852-rc.write.1.tlog
C:\Users\mike\Documents\Visual Studio 2012\Projects\ConsoleApplication-Warcaby1\ConsoleApplication-Warcaby1\ConsoleApplication-Warcaby1\x64\Debug\link.1852.read.1.tlog
C:\Users\mike\Documents\Visual Studio 2012\Projects\ConsoleApplication-Warcaby1\ConsoleApplication-Warcaby1\ConsoleApplication-Warcaby1\x64\Debug\link.1852.write.1.tlog
C:\Users\mike\Documents\Visual Studio 2012\Projects\ConsoleApplication-Warcaby1\ConsoleApplication-Warcaby1\ConsoleApplication-Warcaby1\x64\Debug\link.2732-cvtres.read.1.tlog
C:\Users\mike\Documents\Visual Studio 2012\Projects\ConsoleApplication-Warcaby1\ConsoleApplication-Warcaby1\ConsoleApplication-Warcaby1\x64\Debug\link.2732-cvtres.write.1.tlog
C:\Users\mike\Documents\Visual Studio 2012\Projects\ConsoleApplication-Warcaby1\ConsoleApplication-Warcaby1\ConsoleApplication-Warcaby1\x64\Debug\link.2732-rc.read.1.tlog
C:\Users\mike\Documents\Visual Studio 2012\Projects\ConsoleApplication-Warcaby1\ConsoleApplication-Warcaby1\ConsoleApplication-Warcaby1\x64\Debug\link.2732-rc.write.1.tlog
C:\Users\mike\Documents\Visual Studio 2012\Projects\ConsoleApplication-Warcaby1\ConsoleApplication-Warcaby1\ConsoleApplication-Warcaby1\x64\Debug\link.2732.read.1.tlog
C:\Users\mike\Documents\Visual Studio 2012\Projects\ConsoleApplication-Warcaby1\ConsoleApplication-Warcaby1\ConsoleApplication-Warcaby1\x64\Debug\link.2732.write.1.tlog
C:\Users\mike\Documents\Visual Studio 2012\Projects\ConsoleApplication-Warcaby1\ConsoleApplication-Warcaby1\ConsoleApplication-Warcaby1\x64\Debug\link.4612-cvtres.read.1.tlog
C:\Users\mike\Documents\Visual Studio 2012\Projects\ConsoleApplication-Warcaby1\ConsoleApplication-Warcaby1\ConsoleApplication-Warcaby1\x64\Debug\link.4612-cvtres.write.1.tlog
C:\Users\mike\Documents\Visual Studio 2012\Projects\ConsoleApplication-Warcaby1\ConsoleApplication-Warcaby1\ConsoleApplication-Warcaby1\x64\Debug\link.4612-rc.read.1.tlog
C:\Users\mike\Documents\Visual Studio 2012\Projects\ConsoleApplication-Warcaby1\ConsoleApplication-Warcaby1\ConsoleApplication-Warcaby1\x64\Debug\link.4612-rc.write.1.tlog
C:\Users\mike\Documents\Visual Studio 2012\Projects\ConsoleApplication-Warcaby1\ConsoleApplication-Warcaby1\ConsoleApplication-Warcaby1\x64\Debug\link.4612.read.1.tlog
C:\Users\mike\Documents\Visual Studio 2012\Projects\ConsoleApplication-Warcaby1\ConsoleApplication-Warcaby1\ConsoleApplication-Warcaby1\x64\Debug\link.4612.write.1.tlog
C:\Users\mike\Documents\Visual Studio 2012\Projects\ConsoleApplication-Warcaby1\ConsoleApplication-Warcaby1\ConsoleApplication-Warcaby1\x64\Debug\link.5752-cvtres.read.1.tlog
C:\Users\mike\Documents\Visual Studio 2012\Projects\ConsoleApplication-Warcaby1\ConsoleApplication-Warcaby1\ConsoleApplication-Warcaby1\x64\Debug\link.5752-cvtres.write.1.tlog
C:\Users\mike\Documents\Visual Studio 2012\Projects\ConsoleApplication-Warcaby1\ConsoleApplication-Warcaby1\ConsoleApplication-Warcaby1\x64\Debug\link.5752-rc.read.1.tlog
C:\Users\mike\Documents\Visual Studio 2012\Projects\ConsoleApplication-Warcaby1\ConsoleApplication-Warcaby1\ConsoleApplication-Warcaby1\x64\Debug\link.5752-rc.write.1.tlog
C:\Users\mike\Documents\Visual Studio 2012\Projects\ConsoleApplication-Warcaby1\ConsoleApplication-Warcaby1\ConsoleApplication-Warcaby1\x64\Debug\link.5752.read.1.tlog
C:\Users\mike\Documents\Visual Studio 2012\Projects\ConsoleApplication-Warcaby1\ConsoleApplication-Warcaby1\ConsoleApplication-Warcaby1\x64\Debug\link.5752.write.1.tlog
C:\Users\mike\Documents\Visual Studio 2012\Projects\ConsoleApplication-Warcaby1\ConsoleApplication-Warcaby1\ConsoleApplication-Warcaby1\x64\Debug\link.7832-cvtres.read.1.tlog
C:\Users\mike\Documents\Visual Studio 2012\Projects\ConsoleApplication-Warcaby1\ConsoleApplication-Warcaby1\ConsoleApplication-Warcaby1\x64\Debug\link.7832-cvtres.write.1.tlog
C:\Users\mike\Documents\Visual Studio 2012\Projects\ConsoleApplication-Warcaby1\ConsoleApplication-Warcaby1\ConsoleApplication-Warcaby1\x64\Debug\link.7832-rc.read.1.tlog
C:\Users\mike\Documents\Visual Studio 2012\Projects\ConsoleApplication-Warcaby1\ConsoleApplication-Warcaby1\ConsoleApplication-Warcaby1\x64\Debug\link.7832-rc.write.1.tlog
C:\Users\mike\Documents\Visual Studio 2012\Projects\ConsoleApplication-Warcaby1\ConsoleApplication-Warcaby1\ConsoleApplication-Warcaby1\x64\Debug\link.7832.read.1.tlog
C:\Users\mike\Documents\Visual Studio 2012\Projects\ConsoleApplication-Warcaby1\ConsoleApplication-Warcaby1\ConsoleApplication-Warcaby1\x64\Debug\link.7832.write.1.tlog
C:\Users\mike\Documents\Visual Studio 2012\Projects\ConsoleApplication-Warcaby1\ConsoleApplication-Warcaby1\ConsoleApplication-Warcaby1\x64\Debug\link.8032-cvtres.read.1.tlog
C:\Users\mike\Documents\Visual Studio 2012\Projects\ConsoleApplication-Warcaby1\ConsoleApplication-Warcaby1\ConsoleApplication-Warcaby1\x64\Debug\link.8032-cvtres.write.1.tlog
C:\Users\mike\Documents\Visual Studio 2012\Projects\ConsoleApplication-Warcaby1\ConsoleApplication-Warcaby1\ConsoleApplication-Warcaby1\x64\Debug\link.8032-rc.read.1.tlog
C:\Users\mike\Documents\Visual Studio 2012\Projects\ConsoleApplication-Warcaby1\ConsoleApplication-Warcaby1\ConsoleApplication-Warcaby1\x64\Debug\link.8032-rc.write.1.tlog
C:\Users\mike\Documents\Visual Studio 2012\Projects\ConsoleApplication-Warcaby1\ConsoleApplication-Warcaby1\ConsoleApplication-Warcaby1\x64\Debug\link.8032.read.1.tlog
C:\Users\mike\Documents\Visual Studio 2012\Projects\ConsoleApplication-Warcaby1\ConsoleApplication-Warcaby1\ConsoleApplication-Warcaby1\x64\Debug\link.8032.write.1.tlog
C:\Users\mike\Documents\Visual Studio 2012\Projects\ConsoleApplication-Warcaby1\ConsoleApplication-Warcaby1\ConsoleApplication-Warcaby1\x64\Debug\link.8084-cvtres.read.1.tlog
C:\Users\mike\Documents\Visual Studio 2012\Projects\ConsoleApplication-Warcaby1\ConsoleApplication-Warcaby1\ConsoleApplication-Warcaby1\x64\Debug\link.8084-cvtres.write.1.tlog
C:\Users\mike\Documents\Visual Studio 2012\Projects\ConsoleApplication-Warcaby1\ConsoleApplication-Warcaby1\ConsoleApplication-Warcaby1\x64\Debug\link.8084-rc.read.1.tlog
C:\Users\mike\Documents\Visual Studio 2012\Projects\ConsoleApplication-Warcaby1\ConsoleApplication-Warcaby1\ConsoleApplication-Warcaby1\x64\Debug\link.8084-rc.write.1.tlog
C:\Users\mike\Documents\Visual Studio 2012\Projects\ConsoleApplication-Warcaby1\ConsoleApplication-Warcaby1\ConsoleApplication-Warcaby1\x64\Debug\link.8084.read.1.tlog
C:\Users\mike\Documents\Visual Studio 2012\Projects\ConsoleApplication-Warcaby1\ConsoleApplication-Warcaby1\ConsoleApplication-Warcaby1\x64\Debug\link.8084.write.1.tlog
C:\Users\mike\Documents\Visual Studio 2012\Projects\ConsoleApplication-Warcaby1\ConsoleApplication-Warcaby1\ConsoleApplication-Warcaby1\x64\Debug\link.8488-cvtres.read.1.tlog
C:\Users\mike\Documents\Visual Studio 2012\Projects\ConsoleApplication-Warcaby1\ConsoleApplication-Warcaby1\ConsoleApplication-Warcaby1\x64\Debug\link.8488-cvtres.write.1.tlog
C:\Users\mike\Documents\Visual Studio 2012\Projects\ConsoleApplication-Warcaby1\ConsoleApplication-Warcaby1\ConsoleApplication-Warcaby1\x64\Debug\link.8488-rc.read.1.tlog
C:\Users\mike\Documents\Visual Studio 2012\Projects\ConsoleApplication-Warcaby1\ConsoleApplication-Warcaby1\ConsoleApplication-Warcaby1\x64\Debug\link.8488-rc.write.1.tlog
C:\Users\mike\Documents\Visual Studio 2012\Projects\ConsoleApplication-Warcaby1\ConsoleApplication-Warcaby1\ConsoleApplication-Warcaby1\x64\Debug\link.8488.read.1.tlog
C:\Users\mike\Documents\Visual Studio 2012\Projects\ConsoleApplication-Warcaby1\ConsoleApplication-Warcaby1\ConsoleApplication-Warcaby1\x64\Debug\link.8488.write.1.tlog
C:\Users\mike\Documents\Visual Studio 2012\Projects\ConsoleApplication-Warcaby1\ConsoleApplication-Warcaby1\ConsoleApplication-Warcaby1\x64\Debug\link.8504-cvtres.read.1.tlog
C:\Users\mike\Documents\Visual Studio 2012\Projects\ConsoleApplication-Warcaby1\ConsoleApplication-Warcaby1\ConsoleApplication-Warcaby1\x64\Debug\link.8504-cvtres.write.1.tlog
C:\Users\mike\Documents\Visual Studio 2012\Projects\ConsoleApplication-Warcaby1\ConsoleApplication-Warcaby1\ConsoleApplication-Warcaby1\x64\Debug\link.8504-rc.read.1.tlog
C:\Users\mike\Documents\Visual Studio 2012\Projects\ConsoleApplication-Warcaby1\ConsoleApplication-Warcaby1\ConsoleApplication-Warcaby1\x64\Debug\link.8504-rc.write.1.tlog
C:\Users\mike\Documents\Visual Studio 2012\Projects\ConsoleApplication-Warcaby1\ConsoleApplication-Warcaby1\ConsoleApplication-Warcaby1\x64\Debug\link.8504.read.1.tlog
C:\Users\mike\Documents\Visual Studio 2012\Projects\ConsoleApplication-Warcaby1\ConsoleApplication-Warcaby1\ConsoleApplication-Warcaby1\x64\Debug\link.8504.write.1.tlog
C:\Users\mike\Documents\Visual Studio 2012\Projects\ConsoleApplication-Warcaby1\ConsoleApplication-Warcaby1\ConsoleApplication-Warcaby1\x64\Debug\link.9860-cvtres.read.1.tlog
C:\Users\mike\Documents\Visual Studio 2012\Projects\ConsoleApplication-Warcaby1\ConsoleApplication-Warcaby1\ConsoleApplication-Warcaby1\x64\Debug\link.9860-cvtres.write.1.tlog
C:\Users\mike\Documents\Visual Studio 2012\Projects\ConsoleApplication-Warcaby1\ConsoleApplication-Warcaby1\ConsoleApplication-Warcaby1\x64\Debug\link.9860-rc.read.1.tlog
C:\Users\mike\Documents\Visual Studio 2012\Projects\ConsoleApplication-Warcaby1\ConsoleApplication-Warcaby1\ConsoleApplication-Warcaby1\x64\Debug\link.9860-rc.write.1.tlog
C:\Users\mike\Documents\Visual Studio 2012\Projects\ConsoleApplication-Warcaby1\ConsoleApplication-Warcaby1\ConsoleApplication-Warcaby1\x64\Debug\link.9860.read.1.tlog
C:\Users\mike\Documents\Visual Studio 2012\Projects\ConsoleApplication-Warcaby1\ConsoleApplication-Warcaby1\ConsoleApplication-Warcaby1\x64\Debug\link.9860.write.1.tlog
C:\Users\mike\Documents\Visual Studio 2012\Projects\ConsoleApplication-Warcaby1\ConsoleApplication-Warcaby1\ConsoleApplication-Warcaby1\x64\Debug\link.command.1.tlog
C:\Users\mike\Documents\Visual Studio 2012\Projects\ConsoleApplication-Warcaby1\ConsoleApplication-Warcaby1\ConsoleApplication-Warcaby1\x64\Debug\link.read.1.tlog
C:\Users\mike\Documents\Visual Studio 2012\Projects\ConsoleApplication-Warcaby1\ConsoleApplication-Warcaby1\ConsoleApplication-Warcaby1\x64\Debug\link.write.1.tlog
C:\Users\mike\Documents\Visual Studio 2012\Projects\ConsoleApplication-Warcaby1\ConsoleApplication-Warcaby1\ConsoleApplication-Warcaby1\x64\Debug\vc110.idb
C:\Users\mike\Documents\Visual Studio 2012\Projects\ConsoleApplication-Warcaby1\ConsoleApplication-Warcaby1\ConsoleApplication-Warcaby1\x64\Debug\vc110.pdb
C:\Users\mike\Documents\Visual Studio 2012\Projects\ConsoleApplication-Warcaby1\ConsoleApplication-Warcaby1\x64\Debug\ConsoleApplication-Warcaby1.pdb
C:\Users\mike\Documents\Visual Studio 2012\Projects\ConsoleApplication-Warcaby1\ConsoleApplication-Warcaby1\x64\Debug\ConsoleApplication-Warcaby1.exe
C:\Users\mike\Documents\Visual Studio 2012\Projects\ConsoleApplication-Warcaby1\ConsoleApplication-Warcaby1\x64\Debug\ConsoleApplication-Warcaby1.ilk
