Build started 2017-01-19 22:32:18.
     1>Project "C:\Users\mike\Documents\Visual Studio 2012\Projects\ConsoleApplication-Warcaby1\ConsoleApplication-Warcaby1\ConsoleApplication-Warcaby1\ConsoleApplication-Warcaby1.vcxproj" on node 2 (Build target(s)).
       Project file contains ToolsVersion="14.0". This toolset may be unknown or missing, in which case you may be able to resolve this by installing the appropriate version of MSBuild, or the build may have been forced to a particular ToolsVersion for policy reasons. Treating the project as if it had ToolsVersion="4.0". For more information, please see http://go.microsoft.com/fwlink/?LinkId=291333.
     1>ClCompile:
         C:\Program Files (x86)\Microsoft Visual Studio 11.0\VC\bin\x86_amd64\CL.exe /c /Zi /nologo /W3 /WX- /Od /D _DEBUG /D _CONSOLE /D _UNICODE /D UNICODE /Gm /EHsc /RTC1 /MDd /GS /fp:precise /Zc:wchar_t /Zc:forScope /Fo"x64\Debug\\" /Fd"x64\Debug\vc110.pdb" /Gd /TP /errorReport:prompt Gra.cpp
         Gra.cpp
     1>Gra.cpp(931): warning C4804: '<' : unsafe use of type 'bool' in operation
     1>Gra.cpp(935): warning C4804: '<' : unsafe use of type 'bool' in operation
     1>Gra.cpp(947): warning C4804: '<' : unsafe use of type 'bool' in operation
     1>Gra.cpp(951): warning C4804: '<' : unsafe use of type 'bool' in operation
     1>Gra.cpp(963): warning C4804: '<' : unsafe use of type 'bool' in operation
     1>Gra.cpp(967): warning C4804: '<' : unsafe use of type 'bool' in operation
     1>Gra.cpp(978): warning C4804: '<' : unsafe use of type 'bool' in operation
     1>Gra.cpp(982): warning C4804: '<' : unsafe use of type 'bool' in operation
     1>Gra.cpp(1085): warning C4804: '<' : unsafe use of type 'bool' in operation
     1>Gra.cpp(1089): warning C4804: '<' : unsafe use of type 'bool' in operation
     1>Gra.cpp(1101): warning C4804: '<' : unsafe use of type 'bool' in operation
     1>Gra.cpp(1104): warning C4804: '<' : unsafe use of type 'bool' in operation
     1>Gra.cpp(1115): warning C4804: '<' : unsafe use of type 'bool' in operation
     1>Gra.cpp(1118): warning C4804: '<' : unsafe use of type 'bool' in operation
     1>Gra.cpp(1129): warning C4804: '<' : unsafe use of type 'bool' in operation
     1>Gra.cpp(1132): warning C4804: '<' : unsafe use of type 'bool' in operation
     1>Gra.cpp(1229): warning C4996: 'getch': The POSIX name for this item is deprecated. Instead, use the ISO C++ conformant name: _getch. See online help for details.
                 C:\Program Files (x86)\Microsoft Visual Studio 11.0\VC\include\conio.h(131) : see declaration of 'getch'
     1>Gra.cpp(1233): warning C4996: 'getch': The POSIX name for this item is deprecated. Instead, use the ISO C++ conformant name: _getch. See online help for details.
                 C:\Program Files (x86)\Microsoft Visual Studio 11.0\VC\include\conio.h(131) : see declaration of 'getch'
     1>Gra.cpp(1651): warning C4551: function call missing argument list
     1>Gra.cpp(1651): warning C4996: 'getch': The POSIX name for this item is deprecated. Instead, use the ISO C++ conformant name: _getch. See online help for details.
                 C:\Program Files (x86)\Microsoft Visual Studio 11.0\VC\include\conio.h(131) : see declaration of 'getch'
     1>Gra.cpp(1830): warning C4804: '<' : unsafe use of type 'bool' in operation
     1>Gra.cpp(1834): warning C4804: '<' : unsafe use of type 'bool' in operation
     1>Gra.cpp(1846): warning C4804: '<' : unsafe use of type 'bool' in operation
     1>Gra.cpp(1850): warning C4804: '<' : unsafe use of type 'bool' in operation
     1>Gra.cpp(1862): warning C4804: '<' : unsafe use of type 'bool' in operation
     1>Gra.cpp(1866): warning C4804: '<' : unsafe use of type 'bool' in operation
     1>Gra.cpp(1878): warning C4804: '<' : unsafe use of type 'bool' in operation
     1>Gra.cpp(1882): warning C4804: '<' : unsafe use of type 'bool' in operation
     1>Gra.cpp(1985): warning C4804: '<' : unsafe use of type 'bool' in operation
     1>Gra.cpp(1989): warning C4804: '<' : unsafe use of type 'bool' in operation
     1>Gra.cpp(2001): warning C4804: '<' : unsafe use of type 'bool' in operation
     1>Gra.cpp(2004): warning C4804: '<' : unsafe use of type 'bool' in operation
     1>Gra.cpp(2015): warning C4804: '<' : unsafe use of type 'bool' in operation
     1>Gra.cpp(2018): warning C4804: '<' : unsafe use of type 'bool' in operation
     1>Gra.cpp(2029): warning C4804: '<' : unsafe use of type 'bool' in operation
     1>Gra.cpp(2032): warning C4804: '<' : unsafe use of type 'bool' in operation
     1>Gra.cpp(2147): warning C4804: '<' : unsafe use of type 'bool' in operation
     1>Gra.cpp(2151): warning C4804: '<' : unsafe use of type 'bool' in operation
     1>Gra.cpp(2163): warning C4804: '<' : unsafe use of type 'bool' in operation
     1>Gra.cpp(2167): warning C4804: '<' : unsafe use of type 'bool' in operation
     1>Gra.cpp(2179): warning C4804: '<' : unsafe use of type 'bool' in operation
     1>Gra.cpp(2183): warning C4804: '<' : unsafe use of type 'bool' in operation
     1>Gra.cpp(2195): warning C4804: '<' : unsafe use of type 'bool' in operation
     1>Gra.cpp(2199): warning C4804: '<' : unsafe use of type 'bool' in operation
     1>Gra.cpp(2296): warning C4804: '<' : unsafe use of type 'bool' in operation
     1>Gra.cpp(2300): warning C4804: '<' : unsafe use of type 'bool' in operation
     1>Gra.cpp(2312): warning C4804: '<' : unsafe use of type 'bool' in operation
     1>Gra.cpp(2315): warning C4804: '<' : unsafe use of type 'bool' in operation
     1>Gra.cpp(2326): warning C4804: '<' : unsafe use of type 'bool' in operation
     1>Gra.cpp(2329): warning C4804: '<' : unsafe use of type 'bool' in operation
     1>Gra.cpp(2340): warning C4804: '<' : unsafe use of type 'bool' in operation
     1>Gra.cpp(2343): warning C4804: '<' : unsafe use of type 'bool' in operation
     1>Gra.cpp(2711): warning C4804: '<' : unsafe use of type 'bool' in operation
     1>Gra.cpp(2715): warning C4804: '<' : unsafe use of type 'bool' in operation
     1>Gra.cpp(2727): warning C4804: '<' : unsafe use of type 'bool' in operation
     1>Gra.cpp(2731): warning C4804: '<' : unsafe use of type 'bool' in operation
     1>Gra.cpp(2743): warning C4804: '<' : unsafe use of type 'bool' in operation
     1>Gra.cpp(2747): warning C4804: '<' : unsafe use of type 'bool' in operation
     1>Gra.cpp(2758): warning C4804: '<' : unsafe use of type 'bool' in operation
     1>Gra.cpp(2762): warning C4804: '<' : unsafe use of type 'bool' in operation
     1>Gra.cpp(2870): warning C4804: '<' : unsafe use of type 'bool' in operation
     1>Gra.cpp(2874): warning C4804: '<' : unsafe use of type 'bool' in operation
     1>Gra.cpp(2886): warning C4804: '<' : unsafe use of type 'bool' in operation
     1>Gra.cpp(2889): warning C4804: '<' : unsafe use of type 'bool' in operation
     1>Gra.cpp(2900): warning C4804: '<' : unsafe use of type 'bool' in operation
     1>Gra.cpp(2903): warning C4804: '<' : unsafe use of type 'bool' in operation
     1>Gra.cpp(2914): warning C4804: '<' : unsafe use of type 'bool' in operation
     1>Gra.cpp(2917): warning C4804: '<' : unsafe use of type 'bool' in operation
     1>Gra.cpp(3034): warning C4804: '<' : unsafe use of type 'bool' in operation
     1>Gra.cpp(3038): warning C4804: '<' : unsafe use of type 'bool' in operation
     1>Gra.cpp(3053): warning C4804: '<' : unsafe use of type 'bool' in operation
     1>Gra.cpp(3057): warning C4804: '<' : unsafe use of type 'bool' in operation
     1>Gra.cpp(3072): warning C4804: '<' : unsafe use of type 'bool' in operation
     1>Gra.cpp(3076): warning C4804: '<' : unsafe use of type 'bool' in operation
     1>Gra.cpp(3091): warning C4804: '<' : unsafe use of type 'bool' in operation
     1>Gra.cpp(3095): warning C4804: '<' : unsafe use of type 'bool' in operation
     1>Gra.cpp(3210): warning C4804: '<' : unsafe use of type 'bool' in operation
     1>Gra.cpp(3214): warning C4804: '<' : unsafe use of type 'bool' in operation
     1>Gra.cpp(3226): warning C4804: '<' : unsafe use of type 'bool' in operation
     1>Gra.cpp(3229): warning C4804: '<' : unsafe use of type 'bool' in operation
     1>Gra.cpp(3240): warning C4804: '<' : unsafe use of type 'bool' in operation
     1>Gra.cpp(3243): warning C4804: '<' : unsafe use of type 'bool' in operation
     1>Gra.cpp(3254): warning C4804: '<' : unsafe use of type 'bool' in operation
     1>Gra.cpp(3257): warning C4804: '<' : unsafe use of type 'bool' in operation
     1>c:\users\mike\documents\visual studio 2012\projects\consoleapplication-warcaby1\consoleapplication-warcaby1\consoleapplication-warcaby1\gra.cpp(671): warning C4715: 'Gra::poprawnoscruchu' : not all control paths return a value
     1>c:\users\mike\documents\visual studio 2012\projects\consoleapplication-warcaby1\consoleapplication-warcaby1\consoleapplication-warcaby1\gra.cpp(562): warning C4715: 'Gra::poprawnoscruchu' : not all control paths return a value
     1>c:\users\mike\documents\visual studio 2012\projects\consoleapplication-warcaby1\consoleapplication-warcaby1\consoleapplication-warcaby1\gra.cpp(920): warning C4715: 'Gra::poprawnoscbicia' : not all control paths return a value
     1>c:\users\mike\documents\visual studio 2012\projects\consoleapplication-warcaby1\consoleapplication-warcaby1\consoleapplication-warcaby1\gra.cpp(1223): warning C4715: 'Gra::sprbicie' : not all control paths return a value
     1>c:\users\mike\documents\visual studio 2012\projects\consoleapplication-warcaby1\consoleapplication-warcaby1\consoleapplication-warcaby1\gra.cpp(2123): warning C4715: 'Gra::sprbicie' : not all control paths return a value
     1>c:\users\mike\documents\visual studio 2012\projects\consoleapplication-warcaby1\consoleapplication-warcaby1\consoleapplication-warcaby1\gra.cpp(2431): warning C4715: 'Gra::sprbicie_pionka' : not all control paths return a value
     1>c:\users\mike\documents\visual studio 2012\projects\consoleapplication-warcaby1\consoleapplication-warcaby1\consoleapplication-warcaby1\gra.cpp(2689): warning C4715: 'Gra::poprawnoscbicia' : not all control paths return a value
     1>c:\users\mike\documents\visual studio 2012\projects\consoleapplication-warcaby1\consoleapplication-warcaby1\consoleapplication-warcaby1\gra.cpp(3013): warning C4715: 'Gra::zaznaczbicie' : not all control paths return a value
     1>c:\users\mike\documents\visual studio 2012\projects\consoleapplication-warcaby1\consoleapplication-warcaby1\consoleapplication-warcaby1\gra.cpp(3353): warning C4715: 'Gra::zaznaczbicie_pionka' : not all control paths return a value
       Link:
         C:\Program Files (x86)\Microsoft Visual Studio 11.0\VC\bin\x86_amd64\link.exe /ERRORREPORT:PROMPT /OUT:"C:\Users\mike\Documents\Visual Studio 2012\Projects\ConsoleApplication-Warcaby1\ConsoleApplication-Warcaby1\x64\Debug\ConsoleApplication-Warcaby1.exe" /INCREMENTAL /NOLOGO kernel32.lib user32.lib gdi32.lib winspool.lib comdlg32.lib advapi32.lib shell32.lib ole32.lib oleaut32.lib uuid.lib odbc32.lib odbccp32.lib /MANIFEST /MANIFESTUAC:"level='asInvoker' uiAccess='false'" /manifest:embed /DEBUG /PDB:"C:\Users\mike\Documents\Visual Studio 2012\Projects\ConsoleApplication-Warcaby1\ConsoleApplication-Warcaby1\x64\Debug\ConsoleApplication-Warcaby1.pdb" /SUBSYSTEM:CONSOLE /STACK:"1000000000","1000000000" /TLBID:1 /DYNAMICBASE /NXCOMPAT /IMPLIB:"C:\Users\mike\Documents\Visual Studio 2012\Projects\ConsoleApplication-Warcaby1\ConsoleApplication-Warcaby1\x64\Debug\ConsoleApplication-Warcaby1.lib" /MACHINE:X64 x64\Debug\Gra.obj
         x64\Debug\Gracz.obj
         x64\Debug\Pionek.obj
         x64\Debug\Source.obj
         ConsoleApplication-Warcaby1.vcxproj -> C:\Users\mike\Documents\Visual Studio 2012\Projects\ConsoleApplication-Warcaby1\ConsoleApplication-Warcaby1\x64\Debug\ConsoleApplication-Warcaby1.exe
     1>Done Building Project "C:\Users\mike\Documents\Visual Studio 2012\Projects\ConsoleApplication-Warcaby1\ConsoleApplication-Warcaby1\ConsoleApplication-Warcaby1\ConsoleApplication-Warcaby1.vcxproj" (Build target(s)).

Build succeeded.

Time Elapsed 00:00:01.43
